0 info it worked if it ends with ok
1 verbose cli [ '/usr/local/Cellar/node/0.10.22/bin/node',
1 verbose cli   '/usr/local/bin/npm',
1 verbose cli   'publish' ]
2 info using npm@1.3.14
3 info using node@v0.10.22
4 verbose publish [ '.' ]
5 verbose cache add [ '.', null ]
6 verbose cache add name=undefined spec="." args=[".",null]
7 verbose parsed url { protocol: null,
7 verbose parsed url   slashes: null,
7 verbose parsed url   auth: null,
7 verbose parsed url   host: null,
7 verbose parsed url   port: null,
7 verbose parsed url   hostname: null,
7 verbose parsed url   hash: null,
7 verbose parsed url   search: null,
7 verbose parsed url   query: null,
7 verbose parsed url   pathname: '.',
7 verbose parsed url   path: '.',
7 verbose parsed url   href: '.' }
8 silly lockFile 3a52ce78- .
9 verbose lock . /Users/helloIAmPau/.npm/3a52ce78-.lock
10 verbose tar pack [ '/var/folders/66/sbk19ty161b4jz9217v8vc6r0000gn/T/npm-32423-Sio-dr5j/1384382983811-0.84183758799918/tmp.tgz',
10 verbose tar pack   '.' ]
11 verbose tarball /var/folders/66/sbk19ty161b4jz9217v8vc6r0000gn/T/npm-32423-Sio-dr5j/1384382983811-0.84183758799918/tmp.tgz
12 verbose folder .
13 info prepublish cli-spinner@0.1.3
14 silly lockFile 1f1177db-tar tar://.
15 verbose lock tar://. /Users/helloIAmPau/.npm/1f1177db-tar.lock
16 silly lockFile 165183db-2983811-0-84183758799918-tmp-tgz tar:///var/folders/66/sbk19ty161b4jz9217v8vc6r0000gn/T/npm-32423-Sio-dr5j/1384382983811-0.84183758799918/tmp.tgz
17 verbose lock tar:///var/folders/66/sbk19ty161b4jz9217v8vc6r0000gn/T/npm-32423-Sio-dr5j/1384382983811-0.84183758799918/tmp.tgz /Users/helloIAmPau/.npm/165183db-2983811-0-84183758799918-tmp-tgz.lock
18 silly lockFile 1f1177db-tar tar://.
19 silly lockFile 1f1177db-tar tar://.
20 silly lockFile 165183db-2983811-0-84183758799918-tmp-tgz tar:///var/folders/66/sbk19ty161b4jz9217v8vc6r0000gn/T/npm-32423-Sio-dr5j/1384382983811-0.84183758799918/tmp.tgz
21 silly lockFile 165183db-2983811-0-84183758799918-tmp-tgz tar:///var/folders/66/sbk19ty161b4jz9217v8vc6r0000gn/T/npm-32423-Sio-dr5j/1384382983811-0.84183758799918/tmp.tgz
22 verbose tar unpack /var/folders/66/sbk19ty161b4jz9217v8vc6r0000gn/T/npm-32423-Sio-dr5j/1384382983811-0.84183758799918/tmp.tgz
23 silly lockFile 47036116-2983811-0-84183758799918-package tar:///var/folders/66/sbk19ty161b4jz9217v8vc6r0000gn/T/npm-32423-Sio-dr5j/1384382983811-0.84183758799918/package
24 verbose lock tar:///var/folders/66/sbk19ty161b4jz9217v8vc6r0000gn/T/npm-32423-Sio-dr5j/1384382983811-0.84183758799918/package /Users/helloIAmPau/.npm/47036116-2983811-0-84183758799918-package.lock
25 silly lockFile 165183db-2983811-0-84183758799918-tmp-tgz tar:///var/folders/66/sbk19ty161b4jz9217v8vc6r0000gn/T/npm-32423-Sio-dr5j/1384382983811-0.84183758799918/tmp.tgz
26 verbose lock tar:///var/folders/66/sbk19ty161b4jz9217v8vc6r0000gn/T/npm-32423-Sio-dr5j/1384382983811-0.84183758799918/tmp.tgz /Users/helloIAmPau/.npm/165183db-2983811-0-84183758799918-tmp-tgz.lock
27 silly gunzTarPerm modes [ '755', '644' ]
28 silly gunzTarPerm extractEntry package.json
29 silly gunzTarPerm extractEntry README.md
30 silly gunzTarPerm extractEntry LICENSE
31 silly gunzTarPerm extractEntry index.js
32 silly lockFile 47036116-2983811-0-84183758799918-package tar:///var/folders/66/sbk19ty161b4jz9217v8vc6r0000gn/T/npm-32423-Sio-dr5j/1384382983811-0.84183758799918/package
33 silly lockFile 47036116-2983811-0-84183758799918-package tar:///var/folders/66/sbk19ty161b4jz9217v8vc6r0000gn/T/npm-32423-Sio-dr5j/1384382983811-0.84183758799918/package
34 silly lockFile 165183db-2983811-0-84183758799918-tmp-tgz tar:///var/folders/66/sbk19ty161b4jz9217v8vc6r0000gn/T/npm-32423-Sio-dr5j/1384382983811-0.84183758799918/tmp.tgz
35 silly lockFile 165183db-2983811-0-84183758799918-tmp-tgz tar:///var/folders/66/sbk19ty161b4jz9217v8vc6r0000gn/T/npm-32423-Sio-dr5j/1384382983811-0.84183758799918/tmp.tgz
36 verbose tar pack [ '/Users/helloIAmPau/.npm/cli-spinner/0.1.3/package.tgz',
36 verbose tar pack   '/var/folders/66/sbk19ty161b4jz9217v8vc6r0000gn/T/npm-32423-Sio-dr5j/1384382983811-0.84183758799918/package' ]
37 verbose tarball /Users/helloIAmPau/.npm/cli-spinner/0.1.3/package.tgz
38 verbose folder /var/folders/66/sbk19ty161b4jz9217v8vc6r0000gn/T/npm-32423-Sio-dr5j/1384382983811-0.84183758799918/package
39 silly lockFile 47036116-2983811-0-84183758799918-package tar:///var/folders/66/sbk19ty161b4jz9217v8vc6r0000gn/T/npm-32423-Sio-dr5j/1384382983811-0.84183758799918/package
40 verbose lock tar:///var/folders/66/sbk19ty161b4jz9217v8vc6r0000gn/T/npm-32423-Sio-dr5j/1384382983811-0.84183758799918/package /Users/helloIAmPau/.npm/47036116-2983811-0-84183758799918-package.lock
41 silly lockFile be443a93-pm-cli-spinner-0-1-3-package-tgz tar:///Users/helloIAmPau/.npm/cli-spinner/0.1.3/package.tgz
42 verbose lock tar:///Users/helloIAmPau/.npm/cli-spinner/0.1.3/package.tgz /Users/helloIAmPau/.npm/be443a93-pm-cli-spinner-0-1-3-package-tgz.lock
43 silly lockFile 47036116-2983811-0-84183758799918-package tar:///var/folders/66/sbk19ty161b4jz9217v8vc6r0000gn/T/npm-32423-Sio-dr5j/1384382983811-0.84183758799918/package
44 silly lockFile 47036116-2983811-0-84183758799918-package tar:///var/folders/66/sbk19ty161b4jz9217v8vc6r0000gn/T/npm-32423-Sio-dr5j/1384382983811-0.84183758799918/package
45 silly lockFile be443a93-pm-cli-spinner-0-1-3-package-tgz tar:///Users/helloIAmPau/.npm/cli-spinner/0.1.3/package.tgz
46 silly lockFile be443a93-pm-cli-spinner-0-1-3-package-tgz tar:///Users/helloIAmPau/.npm/cli-spinner/0.1.3/package.tgz
47 silly lockFile 7df2c813-au-npm-cli-spinner-0-1-3-package /Users/helloIAmPau/.npm/cli-spinner/0.1.3/package
48 verbose lock /Users/helloIAmPau/.npm/cli-spinner/0.1.3/package /Users/helloIAmPau/.npm/7df2c813-au-npm-cli-spinner-0-1-3-package.lock
49 silly lockFile 7df2c813-au-npm-cli-spinner-0-1-3-package /Users/helloIAmPau/.npm/cli-spinner/0.1.3/package
50 silly lockFile 7df2c813-au-npm-cli-spinner-0-1-3-package /Users/helloIAmPau/.npm/cli-spinner/0.1.3/package
51 verbose tar unpack /Users/helloIAmPau/.npm/cli-spinner/0.1.3/package.tgz
52 silly lockFile c927eb16-au-npm-cli-spinner-0-1-3-package tar:///Users/helloIAmPau/.npm/cli-spinner/0.1.3/package
53 verbose lock tar:///Users/helloIAmPau/.npm/cli-spinner/0.1.3/package /Users/helloIAmPau/.npm/c927eb16-au-npm-cli-spinner-0-1-3-package.lock
54 silly lockFile be443a93-pm-cli-spinner-0-1-3-package-tgz tar:///Users/helloIAmPau/.npm/cli-spinner/0.1.3/package.tgz
55 verbose lock tar:///Users/helloIAmPau/.npm/cli-spinner/0.1.3/package.tgz /Users/helloIAmPau/.npm/be443a93-pm-cli-spinner-0-1-3-package-tgz.lock
56 silly gunzTarPerm modes [ '755', '644' ]
57 silly gunzTarPerm extractEntry package.json
58 silly gunzTarPerm extractEntry README.md
59 silly gunzTarPerm extractEntry LICENSE
60 silly gunzTarPerm extractEntry index.js
61 silly lockFile c927eb16-au-npm-cli-spinner-0-1-3-package tar:///Users/helloIAmPau/.npm/cli-spinner/0.1.3/package
62 silly lockFile c927eb16-au-npm-cli-spinner-0-1-3-package tar:///Users/helloIAmPau/.npm/cli-spinner/0.1.3/package
63 silly lockFile be443a93-pm-cli-spinner-0-1-3-package-tgz tar:///Users/helloIAmPau/.npm/cli-spinner/0.1.3/package.tgz
64 silly lockFile be443a93-pm-cli-spinner-0-1-3-package-tgz tar:///Users/helloIAmPau/.npm/cli-spinner/0.1.3/package.tgz
65 verbose chmod /Users/helloIAmPau/.npm/cli-spinner/0.1.3/package.tgz 644
66 verbose chown /Users/helloIAmPau/.npm/cli-spinner/0.1.3/package.tgz [ 501, 20 ]
67 silly lockFile 3a52ce78- .
68 silly lockFile 3a52ce78- .
69 silly publish { name: 'cli-spinner',
69 silly publish   version: '0.1.3',
69 silly publish   author: { name: 'Pasquale Boemio', email: 'boemianrapsodi@gmail.com' },
69 silly publish   description: 'A simple spinner',
69 silly publish   main: './index.js',
69 silly publish   repository:
69 silly publish    { type: 'git',
69 silly publish      url: 'https://github.com/helloIAmPau/node-spinner.git' },
69 silly publish   keywords: [ 'cli' ],
69 silly publish   license: 'MIT',
69 silly publish   engines: { node: '>=0.8' },
69 silly publish   readme: 'node-spinner\n============\n\nA simple spinner for node cli\n\n[![NPM version](https://badge.fury.io/js/cli-spinner.png)](http://badge.fury.io/js/cli-spinner)\n',
69 silly publish   readmeFilename: 'README.md',
69 silly publish   bugs: { url: 'https://github.com/helloIAmPau/node-spinner/issues' },
69 silly publish   homepage: 'https://github.com/helloIAmPau/node-spinner',
69 silly publish   _id: 'cli-spinner@0.1.3',
69 silly publish   dist: { shasum: 'd06b84dd4fd94df30f1e46523d8e2b84b8b4b61e' },
69 silly publish   _from: '.' }
70 verbose url raw cli-spinner
71 verbose url resolving [ 'https://registry.npmjs.org/', './cli-spinner' ]
72 verbose url resolved https://registry.npmjs.org/cli-spinner
73 info trying registry request attempt 1 at 23:49:43
74 http PUT https://registry.npmjs.org/cli-spinner
75 http 409 https://registry.npmjs.org/cli-spinner
76 verbose url raw cli-spinner
77 verbose url resolving [ 'https://registry.npmjs.org/', './cli-spinner' ]
78 verbose url resolved https://registry.npmjs.org/cli-spinner
79 info trying registry request attempt 1 at 23:49:46
80 http GET https://registry.npmjs.org/cli-spinner
81 http 200 https://registry.npmjs.org/cli-spinner
82 verbose uploading [ 'cli-spinner/-/cli-spinner-0.1.3.tgz/-rev/3-f1ddf1570e0295f2a9bd165e7761be58',
82 verbose uploading   '/Users/helloIAmPau/.npm/cli-spinner/0.1.3/package.tgz' ]
83 verbose url raw cli-spinner/-/cli-spinner-0.1.3.tgz/-rev/3-f1ddf1570e0295f2a9bd165e7761be58
84 verbose url resolving [ 'https://registry.npmjs.org/',
84 verbose url resolving   './cli-spinner/-/cli-spinner-0.1.3.tgz/-rev/3-f1ddf1570e0295f2a9bd165e7761be58' ]
85 verbose url resolved https://registry.npmjs.org/cli-spinner/-/cli-spinner-0.1.3.tgz/-rev/3-f1ddf1570e0295f2a9bd165e7761be58
86 info trying registry request attempt 1 at 23:49:47
87 http PUT https://registry.npmjs.org/cli-spinner/-/cli-spinner-0.1.3.tgz/-rev/3-f1ddf1570e0295f2a9bd165e7761be58
88 http 409 https://registry.npmjs.org/cli-spinner/-/cli-spinner-0.1.3.tgz/-rev/3-f1ddf1570e0295f2a9bd165e7761be58
89 error publish fail Cannot publish over existing version.
89 error publish fail Update the 'version' field in package.json and try again.
89 error publish fail
89 error publish fail If the previous version was published in error, see:
89 error publish fail     npm help unpublish
89 error publish fail
89 error publish fail To automatically increment version numbers, see:
89 error publish fail     npm help version
90 error System Darwin 13.0.0
91 error command "/usr/local/Cellar/node/0.10.22/bin/node" "/usr/local/bin/npm" "publish"
92 error cwd /Users/helloIAmPau/Develop/spinner
93 error node -v v0.10.22
94 error npm -v 1.3.14
95 error code EPUBLISHCONFLICT
96 verbose exit [ 1, true ]
